<?xml version="1.0" encoding="UTF-8"?>
<!-- Generated by org.testng.reporters.JUnitXMLReporter -->
<testsuite hostname="LAPTOP-EG3C4IFC" ignored="0" name="Default test" tests="7" failures="0" timestamp="2020-07-28T20:50:24 EDT" time="146.388" errors="0">
  <testcase name="verifyTheContactsPagetitle" time="0.61" classname="com.hubspot.generic.qa.testPages.ContactPagetest"/>
  <testcase name="validateusercanCreateNewContacts" time="4.599" classname="com.hubspot.generic.qa.testPages.ContactPagetest"/>
  <testcase name="validateusercanCreateNewContacts" time="4.465" classname="com.hubspot.generic.qa.testPages.ContactPagetest"/>
  <testcase name="validateusercanCreateNewContacts" time="4.51" classname="com.hubspot.generic.qa.testPages.ContactPagetest"/>
  <testcase name="validateusercanCreateNewContacts" time="5.31" classname="com.hubspot.generic.qa.testPages.ContactPagetest"/>
  <testcase name="validateusercanCreateNewContacts" time="4.535" classname="com.hubspot.generic.qa.testPages.ContactPagetest"/>
  <testcase name="deleteContacts" time="4.224" classname="com.hubspot.generic.qa.testPages.ContactPagetest"/>
</testsuite> <!-- Default test -->
