<?xml version="1.0" encoding="UTF-8"?>
<!-- Generated by org.testng.reporters.JUnitXMLReporter -->
<testsuite hostname="LAPTOP-EG3C4IFC" ignored="0" name="Test" tests="9" failures="0" timestamp="2020-07-28T21:34:05 EDT" time="177.655" errors="0">
  <testcase name="verifyContacttabisClicked" time="2.904" classname="com.hubspot.generic.qa.testPages.HomePagetest"/>
  <testcase name="verifyusercanLogin" time="6.506" classname="com.hubspot.generic.qa.testPages.logintest"/>
  <testcase name="verifyTheContactsPagetitle" time="0.67" classname="com.hubspot.generic.qa.testPages.ContactPagetest"/>
  <testcase name="validateusercanCreateNewContacts" time="4.514" classname="com.hubspot.generic.qa.testPages.ContactPagetest"/>
  <testcase name="validateusercanCreateNewContacts" time="4.569" classname="com.hubspot.generic.qa.testPages.ContactPagetest"/>
  <testcase name="validateusercanCreateNewContacts" time="4.475" classname="com.hubspot.generic.qa.testPages.ContactPagetest"/>
  <testcase name="validateusercanCreateNewContacts" time="5.395" classname="com.hubspot.generic.qa.testPages.ContactPagetest"/>
  <testcase name="validateusercanCreateNewContacts" time="4.578" classname="com.hubspot.generic.qa.testPages.ContactPagetest"/>
  <testcase name="deleteContacts" time="4.263" classname="com.hubspot.generic.qa.testPages.ContactPagetest"/>
</testsuite> <!-- Test -->
