<?xml version="1.0" encoding="UTF-8"?>
<!-- Generated by org.testng.reporters.JUnitXMLReporter -->
<testsuite hostname="LAPTOP-EG3C4IFC" ignored="0" name="Test" tests="9" failures="0" timestamp="2020-07-28T20:55:16 EDT" time="182.801" errors="0">
  <testcase name="verifyContacttabisClicked" time="3.108" classname="com.hubspot.generic.qa.testPages.HomePagetest"/>
  <testcase name="verifyusercanLogin" time="6.287" classname="com.hubspot.generic.qa.testPages.logintest"/>
  <testcase name="verifyTheContactsPagetitle" time="0.571" classname="com.hubspot.generic.qa.testPages.ContactPagetest"/>
  <testcase name="validateusercanCreateNewContacts" time="4.8" classname="com.hubspot.generic.qa.testPages.ContactPagetest"/>
  <testcase name="validateusercanCreateNewContacts" time="4.448" classname="com.hubspot.generic.qa.testPages.ContactPagetest"/>
  <testcase name="validateusercanCreateNewContacts" time="4.749" classname="com.hubspot.generic.qa.testPages.ContactPagetest"/>
  <testcase name="validateusercanCreateNewContacts" time="5.755" classname="com.hubspot.generic.qa.testPages.ContactPagetest"/>
  <testcase name="validateusercanCreateNewContacts" time="5.079" classname="com.hubspot.generic.qa.testPages.ContactPagetest"/>
  <testcase name="deleteContacts" time="3.921" classname="com.hubspot.generic.qa.testPages.ContactPagetest"/>
</testsuite> <!-- Test -->
