<?xml version="1.0" encoding="UTF-8"?>
<!-- Generated by org.testng.reporters.JUnitXMLReporter -->
<testsuite hostname="LAPTOP-EG3C4IFC" ignored="0" name="Test" tests="9" failures="1" timestamp="2020-07-29T16:45:48 EDT" time="77.946" errors="0">
  <testcase name="@BeforeMethod setUp" time="31.014" classname="com.hubspot.generic.qa.testPages.ContactPagetest">
    <failure type="org.openqa.selenium.ElementNotInteractableException" message="element not interactable
  (Session info: chrome=83.0.4103.61)
Build info: version: &amp;apos;3.141.59&amp;apos;, revision: &amp;apos;e82be7d358&amp;apos;, time: &amp;apos;2018-11-14T08:17:03&amp;apos;
System info: host: &amp;apos;LAPTOP-EG3C4IFC&amp;apos;, ip: &amp;apos;192.168.1.5&amp;apos;, os.name: &amp;apos;Windows 10&amp;apos;, os.arch: &amp;apos;amd64&amp;apos;, os.version: &amp;apos;10.0&amp;apos;, java.version: &amp;apos;1.8.0_251&amp;apos;
Driver info: org.openqa.selenium.chrome.ChromeDriver
Capabilities {acceptInsecureCerts: false, browserName: chrome, browserVersion: 83.0.4103.61, chrome: {chromedriverVersion: 83.0.4103.39 (ccbf011cb2d2b..., userDataDir: C:\WINDOWS\TEMP\scoped_dir1...}, goog:chromeOptions: {debuggerAddress: localhost:64692}, javascriptEnabled: true, networkConnectionEnabled: false, pageLoadStrategy: normal, platform: WINDOWS, platformName: WINDOWS, proxy: Proxy(), setWindowRect: true, strictFileInteractability: false, timeouts: {implicit: 0, pageLoad: 300000, script: 30000}, unhandledPromptBehavior: dismiss and notify, webauthn:virtualAuthenticators: true}
Session ID: 9a9150e1ce4cc24cd129c976d16954e0">
      <![CDATA[org.openqa.selenium.ElementNotInteractableException: element not interactable
  (Session info: chrome=83.0.4103.61)
Build info: version: '3.141.59', revision: 'e82be7d358', time: '2018-11-14T08:17:03'
System info: host: 'LAPTOP-EG3C4IFC', ip: '192.168.1.5', os.name: 'Windows 10', os.arch: 'amd64', os.version: '10.0', java.version: '1.8.0_251'
Driver info: org.openqa.selenium.chrome.ChromeDriver
Capabilities {acceptInsecureCerts: false, browserName: chrome, browserVersion: 83.0.4103.61, chrome: {chromedriverVersion: 83.0.4103.39 (ccbf011cb2d2b..., userDataDir: C:\WINDOWS\TEMP\scoped_dir1...}, goog:chromeOptions: {debuggerAddress: localhost:64692}, javascriptEnabled: true, networkConnectionEnabled: false, pageLoadStrategy: normal, platform: WINDOWS, platformName: WINDOWS, proxy: Proxy(), setWindowRect: true, strictFileInteractability: false, timeouts: {implicit: 0, pageLoad: 300000, script: 30000}, unhandledPromptBehavior: dismiss and notify, webauthn:virtualAuthenticators: true}
Session ID: 9a9150e1ce4cc24cd129c976d16954e0
at org.openqa.selenium.remote.http.W3CHttpResponseCodec.createException(W3CHttpResponseCodec.java:187)
at org.openqa.selenium.remote.http.W3CHttpResponseCodec.decode(W3CHttpResponseCodec.java:122)
at org.openqa.selenium.remote.http.W3CHttpResponseCodec.decode(W3CHttpResponseCodec.java:49)
at org.openqa.selenium.remote.HttpCommandExecutor.execute(HttpCommandExecutor.java:158)
at org.openqa.selenium.remote.service.DriverCommandExecutor.execute(DriverCommandExecutor.java:83)
at org.openqa.selenium.remote.RemoteWebDriver.execute(RemoteWebDriver.java:552)
at org.openqa.selenium.remote.RemoteWebElement.execute(RemoteWebElement.java:285)
at org.openqa.selenium.remote.RemoteWebElement.click(RemoteWebElement.java:84)
at org.openqa.selenium.support.events.EventFiringWebDriver$EventFiringWebElement.lambda$new$0(EventFiringWebDriver.java:404)
at com.sun.proxy.$Proxy7.click(Unknown Source)
at org.openqa.selenium.support.events.EventFiringWebDriver$EventFiringWebElement.click(EventFiringWebDriver.java:417)
at com.hubspot.generic.qa.Utilities.ElementUtil.doClick(ElementUtil.java:53)
at com.hubspot.generic.qa.Pages.HomePage.doclickContacts(HomePage.java:27)
at com.hubspot.generic.qa.testPages.ContactPagetest.setUp(ContactPagetest.java:39)
at java.util.ArrayList.forEach(ArrayList.java:1257)
... Removed 42 stack frames]]>
    </failure>
  </testcase> <!-- @BeforeMethod setUp -->
  <testcase name="@AfterMethod tearDown" time="-1.596055547931E9" classname="com.hubspot.generic.qa.testPages.ContactPagetest">
    <skipped/>
  </testcase> <!-- @AfterMethod tearDown -->
  <testcase name="@BeforeMethod setUp" time="-1.596055548319E9" classname="com.hubspot.generic.qa.testPages.ContactPagetest">
    <skipped/>
  </testcase> <!-- @BeforeMethod setUp -->
  <testcase name="@AfterMethod tearDown" time="-1.596055548319E9" classname="com.hubspot.generic.qa.testPages.ContactPagetest">
    <skipped/>
  </testcase> <!-- @AfterMethod tearDown -->
  <testcase name="@BeforeMethod setUp" time="-1.596055548319E9" classname="com.hubspot.generic.qa.testPages.ContactPagetest">
    <skipped/>
  </testcase> <!-- @BeforeMethod setUp -->
  <testcase name="@AfterMethod tearDown" time="-1.59605554832E9" classname="com.hubspot.generic.qa.testPages.ContactPagetest">
    <skipped/>
  </testcase> <!-- @AfterMethod tearDown -->
  <testcase name="@BeforeMethod setUp" time="-1.59605554832E9" classname="com.hubspot.generic.qa.testPages.ContactPagetest">
    <skipped/>
  </testcase> <!-- @BeforeMethod setUp -->
  <testcase name="@AfterMethod tearDown" time="-1.59605554832E9" classname="com.hubspot.generic.qa.testPages.ContactPagetest">
    <skipped/>
  </testcase> <!-- @AfterMethod tearDown -->
  <testcase name="@BeforeMethod setUp" time="-1.596055548321E9" classname="com.hubspot.generic.qa.testPages.ContactPagetest">
    <skipped/>
  </testcase> <!-- @BeforeMethod setUp -->
  <testcase name="@AfterMethod tearDown" time="-1.596055548321E9" classname="com.hubspot.generic.qa.testPages.ContactPagetest">
    <skipped/>
  </testcase> <!-- @AfterMethod tearDown -->
  <testcase name="@BeforeMethod setUp" time="-1.596055548321E9" classname="com.hubspot.generic.qa.testPages.ContactPagetest">
    <skipped/>
  </testcase> <!-- @BeforeMethod setUp -->
  <testcase name="@AfterMethod tearDown" time="-1.596055548322E9" classname="com.hubspot.generic.qa.testPages.ContactPagetest">
    <skipped/>
  </testcase> <!-- @AfterMethod tearDown -->
  <testcase name="@BeforeMethod setUp" time="-1.596055548322E9" classname="com.hubspot.generic.qa.testPages.ContactPagetest">
    <skipped/>
  </testcase> <!-- @BeforeMethod setUp -->
  <testcase name="@AfterMethod tearDown" time="-1.596055548323E9" classname="com.hubspot.generic.qa.testPages.ContactPagetest">
    <skipped/>
  </testcase> <!-- @AfterMethod tearDown -->
  <testcase name="verifyContacttabisClicked" time="11.968" classname="com.hubspot.generic.qa.testPages.HomePagetest">
    <failure type="org.openqa.selenium.ElementNotInteractableException" message="element not interactable
  (Session info: chrome=83.0.4103.61)
Build info: version: &amp;apos;3.141.59&amp;apos;, revision: &amp;apos;e82be7d358&amp;apos;, time: &amp;apos;2018-11-14T08:17:03&amp;apos;
System info: host: &amp;apos;LAPTOP-EG3C4IFC&amp;apos;, ip: &amp;apos;192.168.1.5&amp;apos;, os.name: &amp;apos;Windows 10&amp;apos;, os.arch: &amp;apos;amd64&amp;apos;, os.version: &amp;apos;10.0&amp;apos;, java.version: &amp;apos;1.8.0_251&amp;apos;
Driver info: org.openqa.selenium.chrome.ChromeDriver
Capabilities {acceptInsecureCerts: false, browserName: chrome, browserVersion: 83.0.4103.61, chrome: {chromedriverVersion: 83.0.4103.39 (ccbf011cb2d2b..., userDataDir: C:\WINDOWS\TEMP\scoped_dir1...}, goog:chromeOptions: {debuggerAddress: localhost:64600}, javascriptEnabled: true, networkConnectionEnabled: false, pageLoadStrategy: normal, platform: WINDOWS, platformName: WINDOWS, proxy: Proxy(), setWindowRect: true, strictFileInteractability: false, timeouts: {implicit: 0, pageLoad: 300000, script: 30000}, unhandledPromptBehavior: dismiss and notify, webauthn:virtualAuthenticators: true}
Session ID: 20a3049b01fee187e35b2ff36cb03c59">
      <![CDATA[org.openqa.selenium.ElementNotInteractableException: element not interactable
  (Session info: chrome=83.0.4103.61)
Build info: version: '3.141.59', revision: 'e82be7d358', time: '2018-11-14T08:17:03'
System info: host: 'LAPTOP-EG3C4IFC', ip: '192.168.1.5', os.name: 'Windows 10', os.arch: 'amd64', os.version: '10.0', java.version: '1.8.0_251'
Driver info: org.openqa.selenium.chrome.ChromeDriver
Capabilities {acceptInsecureCerts: false, browserName: chrome, browserVersion: 83.0.4103.61, chrome: {chromedriverVersion: 83.0.4103.39 (ccbf011cb2d2b..., userDataDir: C:\WINDOWS\TEMP\scoped_dir1...}, goog:chromeOptions: {debuggerAddress: localhost:64600}, javascriptEnabled: true, networkConnectionEnabled: false, pageLoadStrategy: normal, platform: WINDOWS, platformName: WINDOWS, proxy: Proxy(), setWindowRect: true, strictFileInteractability: false, timeouts: {implicit: 0, pageLoad: 300000, script: 30000}, unhandledPromptBehavior: dismiss and notify, webauthn:virtualAuthenticators: true}
Session ID: 20a3049b01fee187e35b2ff36cb03c59
at org.openqa.selenium.remote.http.W3CHttpResponseCodec.createException(W3CHttpResponseCodec.java:187)
at org.openqa.selenium.remote.http.W3CHttpResponseCodec.decode(W3CHttpResponseCodec.java:122)
at org.openqa.selenium.remote.http.W3CHttpResponseCodec.decode(W3CHttpResponseCodec.java:49)
at org.openqa.selenium.remote.HttpCommandExecutor.execute(HttpCommandExecutor.java:158)
at org.openqa.selenium.remote.service.DriverCommandExecutor.execute(DriverCommandExecutor.java:83)
at org.openqa.selenium.remote.RemoteWebDriver.execute(RemoteWebDriver.java:552)
at org.openqa.selenium.remote.RemoteWebElement.execute(RemoteWebElement.java:285)
at org.openqa.selenium.remote.RemoteWebElement.click(RemoteWebElement.java:84)
at org.openqa.selenium.support.events.EventFiringWebDriver$EventFiringWebElement.lambda$new$0(EventFiringWebDriver.java:404)
at com.sun.proxy.$Proxy7.click(Unknown Source)
at org.openqa.selenium.support.events.EventFiringWebDriver$EventFiringWebElement.click(EventFiringWebDriver.java:417)
at com.hubspot.generic.qa.Utilities.ElementUtil.doClick(ElementUtil.java:53)
at com.hubspot.generic.qa.Pages.HomePage.doclickContacts(HomePage.java:27)
at com.hubspot.generic.qa.testPages.HomePagetest.verifyContacttabisClicked(HomePagetest.java:37)
at java.util.ArrayList.forEach(ArrayList.java:1257)
... Removed 38 stack frames]]>
    </failure>
  </testcase> <!-- verifyContacttabisClicked -->
  <testcase name="verifyusercanLogin" time="6.205" classname="com.hubspot.generic.qa.testPages.logintest"/>
  <testcase name="verifyTheContactsPagetitle" time="0.0" classname="com.hubspot.generic.qa.testPages.ContactPagetest">
    <skipped/>
  </testcase> <!-- verifyTheContactsPagetitle -->
  <testcase name="validateusercanCreateNewContacts" time="0.0" classname="com.hubspot.generic.qa.testPages.ContactPagetest">
    <skipped/>
  </testcase> <!-- validateusercanCreateNewContacts -->
  <testcase name="validateusercanCreateNewContacts" time="0.0" classname="com.hubspot.generic.qa.testPages.ContactPagetest">
    <skipped/>
  </testcase> <!-- validateusercanCreateNewContacts -->
  <testcase name="validateusercanCreateNewContacts" time="0.0" classname="com.hubspot.generic.qa.testPages.ContactPagetest">
    <skipped/>
  </testcase> <!-- validateusercanCreateNewContacts -->
  <testcase name="validateusercanCreateNewContacts" time="0.0" classname="com.hubspot.generic.qa.testPages.ContactPagetest">
    <skipped/>
  </testcase> <!-- validateusercanCreateNewContacts -->
  <testcase name="validateusercanCreateNewContacts" time="0.0" classname="com.hubspot.generic.qa.testPages.ContactPagetest">
    <skipped/>
  </testcase> <!-- validateusercanCreateNewContacts -->
  <testcase name="deleteContacts" time="0.0" classname="com.hubspot.generic.qa.testPages.ContactPagetest">
    <skipped/>
  </testcase> <!-- deleteContacts -->
</testsuite> <!-- Test -->
