<?xml version="1.0" encoding="UTF-8"?>
<testng-results skipped="0" failed="0" ignored="0" total="9" passed="9">
  <reporter-output>
  </reporter-output>
  <suite name="Suite" duration-ms="177655" started-at="2020-07-28T21:31:08 EDT" finished-at="2020-07-28T21:34:05 EDT">
    <groups>
    </groups>
    <test name="Test" duration-ms="177655" started-at="2020-07-28T21:31:08 EDT" finished-at="2020-07-28T21:34:05 EDT">
      <class name="com.hubspot.generic.qa.testPages.HomePagetest">
        <test-method status="PASS" signature="setUp()[pri:0, instance:com.hubspot.generic.qa.testPages.HomePagetest@34cd072c]" name="setUp" is-config="true" duration-ms="13828" started-at="2020-07-28T21:31:08 EDT" finished-at="2020-07-28T21:31:22 EDT">
          <reporter-output>
          </reporter-output>
        </test-method> <!-- setUp -->
        <test-method status="PASS" signature="verifyContacttabisClicked()[pri:0, instance:com.hubspot.generic.qa.testPages.HomePagetest@34cd072c]" name="verifyContacttabisClicked" duration-ms="2904" started-at="2020-07-28T21:31:22 EDT" finished-at="2020-07-28T21:31:25 EDT">
          <reporter-output>
          </reporter-output>
        </test-method> <!-- verifyContacttabisClicked -->
        <test-method status="PASS" signature="tearDown()[pri:0, instance:com.hubspot.generic.qa.testPages.HomePagetest@34cd072c]" name="tearDown" is-config="true" duration-ms="714" started-at="2020-07-28T21:31:25 EDT" finished-at="2020-07-28T21:31:25 EDT">
          <reporter-output>
          </reporter-output>
        </test-method> <!-- tearDown -->
      </class> <!-- com.hubspot.generic.qa.testPages.HomePagetest -->
      <class name="com.hubspot.generic.qa.testPages.ContactPagetest">
        <test-method status="PASS" signature="setUp()[pri:0, instance:com.hubspot.generic.qa.testPages.ContactPagetest@5faeada1]" name="setUp" is-config="true" duration-ms="15591" started-at="2020-07-28T21:31:39 EDT" finished-at="2020-07-28T21:31:54 EDT">
          <reporter-output>
          </reporter-output>
        </test-method> <!-- setUp -->
        <test-method status="PASS" signature="verifyTheContactsPagetitle()[pri:1, instance:com.hubspot.generic.qa.testPages.ContactPagetest@5faeada1]" name="verifyTheContactsPagetitle" duration-ms="670" started-at="2020-07-28T21:31:54 EDT" finished-at="2020-07-28T21:31:55 EDT">
          <reporter-output>
          </reporter-output>
        </test-method> <!-- verifyTheContactsPagetitle -->
        <test-method status="PASS" signature="tearDown()[pri:0, instance:com.hubspot.generic.qa.testPages.ContactPagetest@5faeada1]" name="tearDown" is-config="true" duration-ms="740" started-at="2020-07-28T21:31:55 EDT" finished-at="2020-07-28T21:31:56 EDT">
          <reporter-output>
          </reporter-output>
        </test-method> <!-- tearDown -->
        <test-method status="PASS" signature="setUp()[pri:0, instance:com.hubspot.generic.qa.testPages.ContactPagetest@5faeada1]" name="setUp" is-config="true" duration-ms="16152" started-at="2020-07-28T21:31:56 EDT" finished-at="2020-07-28T21:32:13 EDT">
          <reporter-output>
          </reporter-output>
        </test-method> <!-- setUp -->
        <test-method status="PASS" signature="validateusercanCreateNewContacts(java.lang.String, java.lang.String, java.lang.String, java.lang.String)[pri:2, instance:com.hubspot.generic.qa.testPages.ContactPagetest@5faeada1]" name="validateusercanCreateNewContacts" duration-ms="4514" started-at="2020-07-28T21:32:13 EDT" data-provider="getContactsTestData" finished-at="2020-07-28T21:32:17 EDT">
          <params>
            <param index="0">
              <value>
                <![CDATA[bhi@gmail.com]]>
              </value>
            </param>
            <param index="1">
              <value>
                <![CDATA[bhim]]>
              </value>
            </param>
            <param index="2">
              <value>
                <![CDATA[magar]]>
              </value>
            </param>
            <param index="3">
              <value>
                <![CDATA[ceo]]>
              </value>
            </param>
          </params>
          <reporter-output>
          </reporter-output>
        </test-method> <!-- validateusercanCreateNewContacts -->
        <test-method status="PASS" signature="tearDown()[pri:0, instance:com.hubspot.generic.qa.testPages.ContactPagetest@5faeada1]" name="tearDown" is-config="true" duration-ms="846" started-at="2020-07-28T21:32:17 EDT" finished-at="2020-07-28T21:32:18 EDT">
          <reporter-output>
          </reporter-output>
        </test-method> <!-- tearDown -->
        <test-method status="PASS" signature="setUp()[pri:0, instance:com.hubspot.generic.qa.testPages.ContactPagetest@5faeada1]" name="setUp" is-config="true" duration-ms="16969" started-at="2020-07-28T21:32:18 EDT" finished-at="2020-07-28T21:32:35 EDT">
          <reporter-output>
          </reporter-output>
        </test-method> <!-- setUp -->
        <test-method status="PASS" signature="validateusercanCreateNewContacts(java.lang.String, java.lang.String, java.lang.String, java.lang.String)[pri:2, instance:com.hubspot.generic.qa.testPages.ContactPagetest@5faeada1]" name="validateusercanCreateNewContacts" duration-ms="4569" started-at="2020-07-28T21:32:35 EDT" data-provider="getContactsTestData" finished-at="2020-07-28T21:32:40 EDT">
          <params>
            <param index="0">
              <value>
                <![CDATA[prem@gmail.com]]>
              </value>
            </param>
            <param index="1">
              <value>
                <![CDATA[pre]]>
              </value>
            </param>
            <param index="2">
              <value>
                <![CDATA[bahadur]]>
              </value>
            </param>
            <param index="3">
              <value>
                <![CDATA[manager]]>
              </value>
            </param>
          </params>
          <reporter-output>
          </reporter-output>
        </test-method> <!-- validateusercanCreateNewContacts -->
        <test-method status="PASS" signature="tearDown()[pri:0, instance:com.hubspot.generic.qa.testPages.ContactPagetest@5faeada1]" name="tearDown" is-config="true" duration-ms="844" started-at="2020-07-28T21:32:40 EDT" finished-at="2020-07-28T21:32:40 EDT">
          <reporter-output>
          </reporter-output>
        </test-method> <!-- tearDown -->
        <test-method status="PASS" signature="setUp()[pri:0, instance:com.hubspot.generic.qa.testPages.ContactPagetest@5faeada1]" name="setUp" is-config="true" duration-ms="15949" started-at="2020-07-28T21:32:40 EDT" finished-at="2020-07-28T21:32:56 EDT">
          <reporter-output>
          </reporter-output>
        </test-method> <!-- setUp -->
        <test-method status="PASS" signature="validateusercanCreateNewContacts(java.lang.String, java.lang.String, java.lang.String, java.lang.String)[pri:2, instance:com.hubspot.generic.qa.testPages.ContactPagetest@5faeada1]" name="validateusercanCreateNewContacts" duration-ms="4475" started-at="2020-07-28T21:32:56 EDT" data-provider="getContactsTestData" finished-at="2020-07-28T21:33:01 EDT">
          <params>
            <param index="0">
              <value>
                <![CDATA[alina@gmail.com]]>
              </value>
            </param>
            <param index="1">
              <value>
                <![CDATA[alina]]>
              </value>
            </param>
            <param index="2">
              <value>
                <![CDATA[khadgi]]>
              </value>
            </param>
            <param index="3">
              <value>
                <![CDATA[ba ]]>
              </value>
            </param>
          </params>
          <reporter-output>
          </reporter-output>
        </test-method> <!-- validateusercanCreateNewContacts -->
        <test-method status="PASS" signature="tearDown()[pri:0, instance:com.hubspot.generic.qa.testPages.ContactPagetest@5faeada1]" name="tearDown" is-config="true" duration-ms="777" started-at="2020-07-28T21:33:01 EDT" finished-at="2020-07-28T21:33:02 EDT">
          <reporter-output>
          </reporter-output>
        </test-method> <!-- tearDown -->
        <test-method status="PASS" signature="setUp()[pri:0, instance:com.hubspot.generic.qa.testPages.ContactPagetest@5faeada1]" name="setUp" is-config="true" duration-ms="15851" started-at="2020-07-28T21:33:02 EDT" finished-at="2020-07-28T21:33:17 EDT">
          <reporter-output>
          </reporter-output>
        </test-method> <!-- setUp -->
        <test-method status="PASS" signature="validateusercanCreateNewContacts(java.lang.String, java.lang.String, java.lang.String, java.lang.String)[pri:2, instance:com.hubspot.generic.qa.testPages.ContactPagetest@5faeada1]" name="validateusercanCreateNewContacts" duration-ms="5395" started-at="2020-07-28T21:33:17 EDT" data-provider="getContactsTestData" finished-at="2020-07-28T21:33:23 EDT">
          <params>
            <param index="0">
              <value>
                <![CDATA[uttama@gmail.com]]>
              </value>
            </param>
            <param index="1">
              <value>
                <![CDATA[uttama ]]>
              </value>
            </param>
            <param index="2">
              <value>
                <![CDATA[tamrakar]]>
              </value>
            </param>
            <param index="3">
              <value>
                <![CDATA[sql developer]]>
              </value>
            </param>
          </params>
          <reporter-output>
          </reporter-output>
        </test-method> <!-- validateusercanCreateNewContacts -->
        <test-method status="PASS" signature="tearDown()[pri:0, instance:com.hubspot.generic.qa.testPages.ContactPagetest@5faeada1]" name="tearDown" is-config="true" duration-ms="783" started-at="2020-07-28T21:33:23 EDT" finished-at="2020-07-28T21:33:24 EDT">
          <reporter-output>
          </reporter-output>
        </test-method> <!-- tearDown -->
        <test-method status="PASS" signature="setUp()[pri:0, instance:com.hubspot.generic.qa.testPages.ContactPagetest@5faeada1]" name="setUp" is-config="true" duration-ms="15876" started-at="2020-07-28T21:33:24 EDT" finished-at="2020-07-28T21:33:39 EDT">
          <reporter-output>
          </reporter-output>
        </test-method> <!-- setUp -->
        <test-method status="PASS" signature="validateusercanCreateNewContacts(java.lang.String, java.lang.String, java.lang.String, java.lang.String)[pri:2, instance:com.hubspot.generic.qa.testPages.ContactPagetest@5faeada1]" name="validateusercanCreateNewContacts" duration-ms="4578" started-at="2020-07-28T21:33:39 EDT" data-provider="getContactsTestData" finished-at="2020-07-28T21:33:44 EDT">
          <params>
            <param index="0">
              <value>
                <![CDATA[addy@gmail.com]]>
              </value>
            </param>
            <param index="1">
              <value>
                <![CDATA[pra]]>
              </value>
            </param>
            <param index="2">
              <value>
                <![CDATA[add]]>
              </value>
            </param>
            <param index="3">
              <value>
                <![CDATA[QA Er]]>
              </value>
            </param>
          </params>
          <reporter-output>
          </reporter-output>
        </test-method> <!-- validateusercanCreateNewContacts -->
        <test-method status="PASS" signature="tearDown()[pri:0, instance:com.hubspot.generic.qa.testPages.ContactPagetest@5faeada1]" name="tearDown" is-config="true" duration-ms="763" started-at="2020-07-28T21:33:44 EDT" finished-at="2020-07-28T21:33:45 EDT">
          <reporter-output>
          </reporter-output>
        </test-method> <!-- tearDown -->
        <test-method status="PASS" signature="setUp()[pri:0, instance:com.hubspot.generic.qa.testPages.ContactPagetest@5faeada1]" name="setUp" is-config="true" duration-ms="15484" started-at="2020-07-28T21:33:45 EDT" finished-at="2020-07-28T21:34:00 EDT">
          <reporter-output>
          </reporter-output>
        </test-method> <!-- setUp -->
        <test-method status="PASS" signature="deleteContacts()[pri:3, instance:com.hubspot.generic.qa.testPages.ContactPagetest@5faeada1]" name="deleteContacts" duration-ms="4263" started-at="2020-07-28T21:34:00 EDT" finished-at="2020-07-28T21:34:05 EDT">
          <reporter-output>
          </reporter-output>
        </test-method> <!-- deleteContacts -->
        <test-method status="PASS" signature="tearDown()[pri:0, instance:com.hubspot.generic.qa.testPages.ContactPagetest@5faeada1]" name="tearDown" is-config="true" duration-ms="817" started-at="2020-07-28T21:34:05 EDT" finished-at="2020-07-28T21:34:05 EDT">
          <reporter-output>
          </reporter-output>
        </test-method> <!-- tearDown -->
      </class> <!-- com.hubspot.generic.qa.testPages.ContactPagetest -->
      <class name="com.hubspot.generic.qa.testPages.logintest">
        <test-method status="PASS" signature="setUp()[pri:0, instance:com.hubspot.generic.qa.testPages.logintest@7a1ebcd8]" name="setUp" is-config="true" duration-ms="6079" started-at="2020-07-28T21:31:25 EDT" finished-at="2020-07-28T21:31:31 EDT">
          <reporter-output>
          </reporter-output>
        </test-method> <!-- setUp -->
        <test-method status="PASS" signature="verifyusercanLogin()[pri:1, instance:com.hubspot.generic.qa.testPages.logintest@7a1ebcd8]" name="verifyusercanLogin" duration-ms="6506" started-at="2020-07-28T21:31:31 EDT" finished-at="2020-07-28T21:31:38 EDT">
          <reporter-output>
          </reporter-output>
        </test-method> <!-- verifyusercanLogin -->
        <test-method status="PASS" signature="tearDown()[pri:0, instance:com.hubspot.generic.qa.testPages.logintest@7a1ebcd8]" name="tearDown" is-config="true" duration-ms="754" started-at="2020-07-28T21:31:38 EDT" finished-at="2020-07-28T21:31:39 EDT">
          <reporter-output>
          </reporter-output>
        </test-method> <!-- tearDown -->
      </class> <!-- com.hubspot.generic.qa.testPages.logintest -->
    </test> <!-- Test -->
  </suite> <!-- Suite -->
</testng-results>
