<?xml version="1.0" encoding="UTF-8"?>
<testng-results skipped="0" failed="0" ignored="0" total="9" passed="9">
  <reporter-output>
  </reporter-output>
  <suite name="Suite" duration-ms="180657" started-at="2020-07-28T23:06:59 EDT" finished-at="2020-07-28T23:10:00 EDT">
    <groups>
    </groups>
    <test name="Test" duration-ms="180657" started-at="2020-07-28T23:06:59 EDT" finished-at="2020-07-28T23:10:00 EDT">
      <class name="com.hubspot.generic.qa.testPages.HomePagetest">
        <test-method status="PASS" signature="setUp()[pri:0, instance:com.hubspot.generic.qa.testPages.HomePagetest@34cd072c]" name="setUp" is-config="true" duration-ms="14134" started-at="2020-07-28T23:07:00 EDT" finished-at="2020-07-28T23:07:14 EDT">
          <reporter-output>
          </reporter-output>
        </test-method> <!-- setUp -->
        <test-method status="PASS" signature="verifyContacttabisClicked()[pri:0, instance:com.hubspot.generic.qa.testPages.HomePagetest@34cd072c]" name="verifyContacttabisClicked" duration-ms="2719" started-at="2020-07-28T23:07:14 EDT" finished-at="2020-07-28T23:07:16 EDT">
          <reporter-output>
          </reporter-output>
        </test-method> <!-- verifyContacttabisClicked -->
        <test-method status="PASS" signature="tearDown()[pri:0, instance:com.hubspot.generic.qa.testPages.HomePagetest@34cd072c]" name="tearDown" is-config="true" duration-ms="734" started-at="2020-07-28T23:07:16 EDT" finished-at="2020-07-28T23:07:17 EDT">
          <reporter-output>
          </reporter-output>
        </test-method> <!-- tearDown -->
      </class> <!-- com.hubspot.generic.qa.testPages.HomePagetest -->
      <class name="com.hubspot.generic.qa.testPages.ContactPagetest">
        <test-method status="PASS" signature="setUp()[pri:0, instance:com.hubspot.generic.qa.testPages.ContactPagetest@5faeada1]" name="setUp" is-config="true" duration-ms="15805" started-at="2020-07-28T23:07:31 EDT" finished-at="2020-07-28T23:07:47 EDT">
          <reporter-output>
          </reporter-output>
        </test-method> <!-- setUp -->
        <test-method status="PASS" signature="verifyTheContactsPagetitle()[pri:1, instance:com.hubspot.generic.qa.testPages.ContactPagetest@5faeada1]" name="verifyTheContactsPagetitle" duration-ms="607" started-at="2020-07-28T23:07:47 EDT" finished-at="2020-07-28T23:07:47 EDT">
          <reporter-output>
          </reporter-output>
        </test-method> <!-- verifyTheContactsPagetitle -->
        <test-method status="PASS" signature="tearDown()[pri:0, instance:com.hubspot.generic.qa.testPages.ContactPagetest@5faeada1]" name="tearDown" is-config="true" duration-ms="746" started-at="2020-07-28T23:07:47 EDT" finished-at="2020-07-28T23:07:48 EDT">
          <reporter-output>
          </reporter-output>
        </test-method> <!-- tearDown -->
        <test-method status="PASS" signature="setUp()[pri:0, instance:com.hubspot.generic.qa.testPages.ContactPagetest@5faeada1]" name="setUp" is-config="true" duration-ms="15590" started-at="2020-07-28T23:07:49 EDT" finished-at="2020-07-28T23:08:04 EDT">
          <reporter-output>
          </reporter-output>
        </test-method> <!-- setUp -->
        <test-method status="PASS" signature="validateusercanCreateNewContacts(java.lang.String, java.lang.String, java.lang.String, java.lang.String)[pri:2, instance:com.hubspot.generic.qa.testPages.ContactPagetest@5faeada1]" name="validateusercanCreateNewContacts" duration-ms="4181" started-at="2020-07-28T23:08:04 EDT" data-provider="getContactsTestData" finished-at="2020-07-28T23:08:09 EDT">
          <params>
            <param index="0">
              <value>
                <![CDATA[bhi@gmail.com]]>
              </value>
            </param>
            <param index="1">
              <value>
                <![CDATA[bhim]]>
              </value>
            </param>
            <param index="2">
              <value>
                <![CDATA[magar]]>
              </value>
            </param>
            <param index="3">
              <value>
                <![CDATA[ceo]]>
              </value>
            </param>
          </params>
          <reporter-output>
          </reporter-output>
        </test-method> <!-- validateusercanCreateNewContacts -->
        <test-method status="PASS" signature="tearDown()[pri:0, instance:com.hubspot.generic.qa.testPages.ContactPagetest@5faeada1]" name="tearDown" is-config="true" duration-ms="1268" started-at="2020-07-28T23:08:09 EDT" finished-at="2020-07-28T23:08:10 EDT">
          <reporter-output>
          </reporter-output>
        </test-method> <!-- tearDown -->
        <test-method status="PASS" signature="setUp()[pri:0, instance:com.hubspot.generic.qa.testPages.ContactPagetest@5faeada1]" name="setUp" is-config="true" duration-ms="15506" started-at="2020-07-28T23:08:10 EDT" finished-at="2020-07-28T23:08:25 EDT">
          <reporter-output>
          </reporter-output>
        </test-method> <!-- setUp -->
        <test-method status="PASS" signature="validateusercanCreateNewContacts(java.lang.String, java.lang.String, java.lang.String, java.lang.String)[pri:2, instance:com.hubspot.generic.qa.testPages.ContactPagetest@5faeada1]" name="validateusercanCreateNewContacts" duration-ms="6531" started-at="2020-07-28T23:08:25 EDT" data-provider="getContactsTestData" finished-at="2020-07-28T23:08:32 EDT">
          <params>
            <param index="0">
              <value>
                <![CDATA[prem@gmail.com]]>
              </value>
            </param>
            <param index="1">
              <value>
                <![CDATA[pre]]>
              </value>
            </param>
            <param index="2">
              <value>
                <![CDATA[bahadur]]>
              </value>
            </param>
            <param index="3">
              <value>
                <![CDATA[manager]]>
              </value>
            </param>
          </params>
          <reporter-output>
          </reporter-output>
        </test-method> <!-- validateusercanCreateNewContacts -->
        <test-method status="PASS" signature="tearDown()[pri:0, instance:com.hubspot.generic.qa.testPages.ContactPagetest@5faeada1]" name="tearDown" is-config="true" duration-ms="792" started-at="2020-07-28T23:08:32 EDT" finished-at="2020-07-28T23:08:33 EDT">
          <reporter-output>
          </reporter-output>
        </test-method> <!-- tearDown -->
        <test-method status="PASS" signature="setUp()[pri:0, instance:com.hubspot.generic.qa.testPages.ContactPagetest@5faeada1]" name="setUp" is-config="true" duration-ms="15332" started-at="2020-07-28T23:08:33 EDT" finished-at="2020-07-28T23:08:48 EDT">
          <reporter-output>
          </reporter-output>
        </test-method> <!-- setUp -->
        <test-method status="PASS" signature="validateusercanCreateNewContacts(java.lang.String, java.lang.String, java.lang.String, java.lang.String)[pri:2, instance:com.hubspot.generic.qa.testPages.ContactPagetest@5faeada1]" name="validateusercanCreateNewContacts" duration-ms="4499" started-at="2020-07-28T23:08:48 EDT" data-provider="getContactsTestData" finished-at="2020-07-28T23:08:52 EDT">
          <params>
            <param index="0">
              <value>
                <![CDATA[alina@gmail.com]]>
              </value>
            </param>
            <param index="1">
              <value>
                <![CDATA[alina]]>
              </value>
            </param>
            <param index="2">
              <value>
                <![CDATA[khadgi]]>
              </value>
            </param>
            <param index="3">
              <value>
                <![CDATA[ba ]]>
              </value>
            </param>
          </params>
          <reporter-output>
          </reporter-output>
        </test-method> <!-- validateusercanCreateNewContacts -->
        <test-method status="PASS" signature="tearDown()[pri:0, instance:com.hubspot.generic.qa.testPages.ContactPagetest@5faeada1]" name="tearDown" is-config="true" duration-ms="1261" started-at="2020-07-28T23:08:52 EDT" finished-at="2020-07-28T23:08:54 EDT">
          <reporter-output>
          </reporter-output>
        </test-method> <!-- tearDown -->
        <test-method status="PASS" signature="setUp()[pri:0, instance:com.hubspot.generic.qa.testPages.ContactPagetest@5faeada1]" name="setUp" is-config="true" duration-ms="16239" started-at="2020-07-28T23:08:54 EDT" finished-at="2020-07-28T23:09:10 EDT">
          <reporter-output>
          </reporter-output>
        </test-method> <!-- setUp -->
        <test-method status="PASS" signature="validateusercanCreateNewContacts(java.lang.String, java.lang.String, java.lang.String, java.lang.String)[pri:2, instance:com.hubspot.generic.qa.testPages.ContactPagetest@5faeada1]" name="validateusercanCreateNewContacts" duration-ms="6092" started-at="2020-07-28T23:09:10 EDT" data-provider="getContactsTestData" finished-at="2020-07-28T23:09:16 EDT">
          <params>
            <param index="0">
              <value>
                <![CDATA[uttama@gmail.com]]>
              </value>
            </param>
            <param index="1">
              <value>
                <![CDATA[uttama ]]>
              </value>
            </param>
            <param index="2">
              <value>
                <![CDATA[tamrakar]]>
              </value>
            </param>
            <param index="3">
              <value>
                <![CDATA[sql developer]]>
              </value>
            </param>
          </params>
          <reporter-output>
          </reporter-output>
        </test-method> <!-- validateusercanCreateNewContacts -->
        <test-method status="PASS" signature="tearDown()[pri:0, instance:com.hubspot.generic.qa.testPages.ContactPagetest@5faeada1]" name="tearDown" is-config="true" duration-ms="992" started-at="2020-07-28T23:09:16 EDT" finished-at="2020-07-28T23:09:17 EDT">
          <reporter-output>
          </reporter-output>
        </test-method> <!-- tearDown -->
        <test-method status="PASS" signature="setUp()[pri:0, instance:com.hubspot.generic.qa.testPages.ContactPagetest@5faeada1]" name="setUp" is-config="true" duration-ms="15980" started-at="2020-07-28T23:09:17 EDT" finished-at="2020-07-28T23:09:33 EDT">
          <reporter-output>
          </reporter-output>
        </test-method> <!-- setUp -->
        <test-method status="PASS" signature="validateusercanCreateNewContacts(java.lang.String, java.lang.String, java.lang.String, java.lang.String)[pri:2, instance:com.hubspot.generic.qa.testPages.ContactPagetest@5faeada1]" name="validateusercanCreateNewContacts" duration-ms="4922" started-at="2020-07-28T23:09:33 EDT" data-provider="getContactsTestData" finished-at="2020-07-28T23:09:38 EDT">
          <params>
            <param index="0">
              <value>
                <![CDATA[addy@gmail.com]]>
              </value>
            </param>
            <param index="1">
              <value>
                <![CDATA[pra]]>
              </value>
            </param>
            <param index="2">
              <value>
                <![CDATA[add]]>
              </value>
            </param>
            <param index="3">
              <value>
                <![CDATA[QA Er]]>
              </value>
            </param>
          </params>
          <reporter-output>
          </reporter-output>
        </test-method> <!-- validateusercanCreateNewContacts -->
        <test-method status="PASS" signature="tearDown()[pri:0, instance:com.hubspot.generic.qa.testPages.ContactPagetest@5faeada1]" name="tearDown" is-config="true" duration-ms="2166" started-at="2020-07-28T23:09:38 EDT" finished-at="2020-07-28T23:09:40 EDT">
          <reporter-output>
          </reporter-output>
        </test-method> <!-- tearDown -->
        <test-method status="PASS" signature="setUp()[pri:0, instance:com.hubspot.generic.qa.testPages.ContactPagetest@5faeada1]" name="setUp" is-config="true" duration-ms="15309" started-at="2020-07-28T23:09:40 EDT" finished-at="2020-07-28T23:09:55 EDT">
          <reporter-output>
          </reporter-output>
        </test-method> <!-- setUp -->
        <test-method status="PASS" signature="deleteContacts()[pri:3, instance:com.hubspot.generic.qa.testPages.ContactPagetest@5faeada1]" name="deleteContacts" duration-ms="3916" started-at="2020-07-28T23:09:55 EDT" finished-at="2020-07-28T23:09:59 EDT">
          <reporter-output>
          </reporter-output>
        </test-method> <!-- deleteContacts -->
        <test-method status="PASS" signature="tearDown()[pri:0, instance:com.hubspot.generic.qa.testPages.ContactPagetest@5faeada1]" name="tearDown" is-config="true" duration-ms="781" started-at="2020-07-28T23:09:59 EDT" finished-at="2020-07-28T23:10:00 EDT">
          <reporter-output>
          </reporter-output>
        </test-method> <!-- tearDown -->
      </class> <!-- com.hubspot.generic.qa.testPages.ContactPagetest -->
      <class name="com.hubspot.generic.qa.testPages.logintest">
        <test-method status="PASS" signature="setUp()[pri:0, instance:com.hubspot.generic.qa.testPages.logintest@7a1ebcd8]" name="setUp" is-config="true" duration-ms="6012" started-at="2020-07-28T23:07:17 EDT" finished-at="2020-07-28T23:07:23 EDT">
          <reporter-output>
          </reporter-output>
        </test-method> <!-- setUp -->
        <test-method status="PASS" signature="verifyusercanLogin()[pri:1, instance:com.hubspot.generic.qa.testPages.logintest@7a1ebcd8]" name="verifyusercanLogin" duration-ms="6438" started-at="2020-07-28T23:07:23 EDT" finished-at="2020-07-28T23:07:30 EDT">
          <reporter-output>
          </reporter-output>
        </test-method> <!-- verifyusercanLogin -->
        <test-method status="PASS" signature="tearDown()[pri:0, instance:com.hubspot.generic.qa.testPages.logintest@7a1ebcd8]" name="tearDown" is-config="true" duration-ms="1152" started-at="2020-07-28T23:07:30 EDT" finished-at="2020-07-28T23:07:31 EDT">
          <reporter-output>
          </reporter-output>
        </test-method> <!-- tearDown -->
      </class> <!-- com.hubspot.generic.qa.testPages.logintest -->
    </test> <!-- Test -->
  </suite> <!-- Suite -->
</testng-results>
